2022-02-08 00:40:16.313  INFO 70297 --- [restartedMain] c.a.medical.hosp.ServiceHospApplication  : The following profiles are active: dev
2022-02-08 00:40:17.470  INFO 70297 --- [restartedMain] .s.d.r.c.RepositoryConfigurationDelegate : Multiple Spring Data modules found, entering strict repository configuration mode!
2022-02-08 00:40:17.473  INFO 70297 --- [restartedMain] .s.d.r.c.RepositoryConfigurationDelegate : Bootstrapping Spring Data Redis repositories in DEFAULT mode.
2022-02-08 00:40:17.508  INFO 70297 --- [restartedMain] .s.d.r.c.RepositoryConfigurationDelegate : Finished Spring Data repository scanning in 11ms. Found 0 Redis repository interfaces.
2022-02-08 00:40:17.792  INFO 70297 --- [restartedMain] o.s.cloud.context.scope.GenericScope     : BeanFactory id=049f1583-e475-347e-b5ec-f8c1392b7f03
2022-02-08 00:40:18.148  INFO 70297 --- [restartedMain] trationDelegate$BeanPostProcessorChecker : Bean 'spring.cloud.sentinel-com.alibaba.cloud.sentinel.SentinelProperties' of type [com.alibaba.cloud.sentinel.SentinelProperties] is not eligible for getting processed by all BeanPostProcessors (for example: not eligible for auto-proxying)
2022-02-08 00:40:18.220  INFO 70297 --- [restartedMain] trationDelegate$BeanPostProcessorChecker : Bean 'com.alibaba.cloud.sentinel.custom.SentinelAutoConfiguration' of type [com.alibaba.cloud.sentinel.custom.SentinelAutoConfiguration] is not eligible for getting processed by all BeanPostProcessors (for example: not eligible for auto-proxying)
2022-02-08 00:40:18.239  INFO 70297 --- [restartedMain] trationDelegate$BeanPostProcessorChecker : Bean 'org.springframework.cloud.autoconfigure.ConfigurationPropertiesRebinderAutoConfiguration' of type [org.springframework.cloud.autoconfigure.ConfigurationPropertiesRebinderAutoConfiguration] is not eligible for getting processed by all BeanPostProcessors (for example: not eligible for auto-proxying)
2022-02-08 00:40:18.924  INFO 70297 --- [restartedMain] o.s.b.w.embedded.tomcat.TomcatWebServer  : Tomcat initialized with port(s): 8201 (http)
2022-02-08 00:40:18.937  INFO 70297 --- [restartedMain] o.apache.catalina.core.StandardService   : Starting service [Tomcat]
2022-02-08 00:40:18.937  INFO 70297 --- [restartedMain] org.apache.catalina.core.StandardEngine  : Starting Servlet engine: [Apache Tomcat/9.0.36]
2022-02-08 00:40:19.034  INFO 70297 --- [restartedMain] o.a.c.c.C.[Tomcat].[localhost].[/]       : Initializing Spring embedded WebApplicationContext
2022-02-08 00:40:19.034  INFO 70297 --- [restartedMain] w.s.c.ServletWebServerApplicationContext : Root WebApplicationContext: initialization completed in 2705 ms
2022-02-08 00:40:19.874  INFO 70297 --- [restartedMain] c.a.c.s.SentinelWebAutoConfiguration     : [Sentinel Starter] register SentinelWebInterceptor with urlPatterns: [/*].
2022-02-08 00:40:20.009  INFO 70297 --- [restartedMain] pertySourcedRequestMappingHandlerMapping : Mapped URL path [/v2/api-docs] onto method [springfox.documentation.swagger2.web.Swagger2Controller#getDocumentation(String, HttpServletRequest)]
2022-02-08 00:40:20.042  WARN 70297 --- [restartedMain] c.n.c.sources.URLConfigurationSource     : No URLs will be polled as dynamic configuration sources.
2022-02-08 00:40:20.042  INFO 70297 --- [restartedMain] c.n.c.sources.URLConfigurationSource     : To enable URLs as dynamic configuration sources, define System property archaius.configurationSource.additionalUrls or make config.properties available on classpath.
2022-02-08 00:40:20.049  WARN 70297 --- [restartedMain] c.n.c.sources.URLConfigurationSource     : No URLs will be polled as dynamic configuration sources.
2022-02-08 00:40:20.050  INFO 70297 --- [restartedMain] c.n.c.sources.URLConfigurationSource     : To enable URLs as dynamic configuration sources, define System property archaius.configurationSource.additionalUrls or make config.properties available on classpath.
2022-02-08 00:40:20.191  INFO 70297 --- [restartedMain] o.s.s.concurrent.ThreadPoolTaskExecutor  : Initializing ExecutorService 'applicationTaskExecutor'
2022-02-08 00:40:20.250  INFO 70297 --- [restartedMain] o.s.b.d.a.OptionalLiveReloadServer       : LiveReload server is running on port 35729
2022-02-08 00:40:20.371  INFO 70297 --- [restartedMain] o.s.s.c.ThreadPoolTaskScheduler          : Initializing ExecutorService 'Nacso-Watch-Task-Scheduler'
2022-02-08 00:40:21.138  INFO 70297 --- [restartedMain] d.s.w.p.DocumentationPluginsBootstrapper : Context refreshed
2022-02-08 00:40:21.165  INFO 70297 --- [restartedMain] d.s.w.p.DocumentationPluginsBootstrapper : Found 2 custom documentation plugin(s)
2022-02-08 00:40:21.200  INFO 70297 --- [restartedMain] s.d.s.w.s.ApiListingReferenceScanner     : Scanning for api listing references
2022-02-08 00:40:21.360  INFO 70297 --- [restartedMain] .d.s.w.r.o.CachingOperationNameGenerator : Generating unique operation named: lockHospitalSetUsingPUT_1
2022-02-08 00:40:21.452  INFO 70297 --- [restartedMain] s.d.s.w.s.ApiListingReferenceScanner     : Scanning for api listing references
2022-02-08 00:40:21.507  INFO 70297 --- [restartedMain] o.s.b.w.embedded.tomcat.TomcatWebServer  : Tomcat started on port(s): 8201 (http) with context path ''
2022-02-08 00:40:21.678  INFO 70297 --- [restartedMain] c.a.c.n.registry.NacosServiceRegistry    : nacos registry, DEFAULT_GROUP service-hosp 192.168.31.219:8201 register finished
2022-02-08 00:40:21.709  INFO 70297 --- [restartedMain] c.a.medical.hosp.ServiceHospApplication  : Started ServiceHospApplication in 6.752 seconds (JVM running for 9.964)
2022-02-08 00:40:33.870  INFO 70297 --- [http-nio-8201-exec-1] o.a.c.c.C.[Tomcat].[localhost].[/]       : Initializing Spring DispatcherServlet 'dispatcherServlet'
2022-02-08 00:40:33.870  INFO 70297 --- [http-nio-8201-exec-1] o.s.web.servlet.DispatcherServlet        : Initializing Servlet 'dispatcherServlet'
2022-02-08 00:40:33.888  INFO 70297 --- [http-nio-8201-exec-1] o.s.web.servlet.DispatcherServlet        : Completed initialization in 17 ms
2022-02-08 01:00:29.308  INFO 70297 --- [SpringContextShutdownHook] c.a.c.n.registry.NacosServiceRegistry    : De-registering from Nacos Server now...
2022-02-08 01:00:29.315  INFO 70297 --- [SpringContextShutdownHook] c.a.c.n.registry.NacosServiceRegistry    : De-registration finished.
2022-02-08 01:00:29.318  INFO 70297 --- [SpringContextShutdownHook] o.s.s.concurrent.ThreadPoolTaskExecutor  : Shutting down ExecutorService 'applicationTaskExecutor'
2022-02-08 01:00:37.384  INFO 73812 --- [restartedMain] c.a.medical.hosp.ServiceHospApplication  : The following profiles are active: dev
2022-02-08 01:00:38.146  INFO 73812 --- [restartedMain] .s.d.r.c.RepositoryConfigurationDelegate : Multiple Spring Data modules found, entering strict repository configuration mode!
2022-02-08 01:00:38.148  INFO 73812 --- [restartedMain] .s.d.r.c.RepositoryConfigurationDelegate : Bootstrapping Spring Data Redis repositories in DEFAULT mode.
2022-02-08 01:00:38.169  INFO 73812 --- [restartedMain] .s.d.r.c.RepositoryConfigurationDelegate : Finished Spring Data repository scanning in 11ms. Found 0 Redis repository interfaces.
2022-02-08 01:00:38.418  INFO 73812 --- [restartedMain] o.s.cloud.context.scope.GenericScope     : BeanFactory id=049f1583-e475-347e-b5ec-f8c1392b7f03
2022-02-08 01:00:38.754  INFO 73812 --- [restartedMain] trationDelegate$BeanPostProcessorChecker : Bean 'spring.cloud.sentinel-com.alibaba.cloud.sentinel.SentinelProperties' of type [com.alibaba.cloud.sentinel.SentinelProperties] is not eligible for getting processed by all BeanPostProcessors (for example: not eligible for auto-proxying)
2022-02-08 01:00:38.825  INFO 73812 --- [restartedMain] trationDelegate$BeanPostProcessorChecker : Bean 'com.alibaba.cloud.sentinel.custom.SentinelAutoConfiguration' of type [com.alibaba.cloud.sentinel.custom.SentinelAutoConfiguration] is not eligible for getting processed by all BeanPostProcessors (for example: not eligible for auto-proxying)
2022-02-08 01:00:38.836  INFO 73812 --- [restartedMain] trationDelegate$BeanPostProcessorChecker : Bean 'org.springframework.cloud.autoconfigure.ConfigurationPropertiesRebinderAutoConfiguration' of type [org.springframework.cloud.autoconfigure.ConfigurationPropertiesRebinderAutoConfiguration] is not eligible for getting processed by all BeanPostProcessors (for example: not eligible for auto-proxying)
2022-02-08 01:00:39.324  INFO 73812 --- [restartedMain] o.s.b.w.embedded.tomcat.TomcatWebServer  : Tomcat initialized with port(s): 8201 (http)
2022-02-08 01:00:39.333  INFO 73812 --- [restartedMain] o.apache.catalina.core.StandardService   : Starting service [Tomcat]
2022-02-08 01:00:39.334  INFO 73812 --- [restartedMain] org.apache.catalina.core.StandardEngine  : Starting Servlet engine: [Apache Tomcat/9.0.36]
2022-02-08 01:00:39.407  INFO 73812 --- [restartedMain] o.a.c.c.C.[Tomcat].[localhost].[/]       : Initializing Spring embedded WebApplicationContext
2022-02-08 01:00:39.407  INFO 73812 --- [restartedMain] w.s.c.ServletWebServerApplicationContext : Root WebApplicationContext: initialization completed in 2010 ms
2022-02-08 01:00:40.143  INFO 73812 --- [restartedMain] c.a.c.s.SentinelWebAutoConfiguration     : [Sentinel Starter] register SentinelWebInterceptor with urlPatterns: [/*].
2022-02-08 01:00:40.237  INFO 73812 --- [restartedMain] pertySourcedRequestMappingHandlerMapping : Mapped URL path [/v2/api-docs] onto method [springfox.documentation.swagger2.web.Swagger2Controller#getDocumentation(String, HttpServletRequest)]
2022-02-08 01:00:40.256  WARN 73812 --- [restartedMain] c.n.c.sources.URLConfigurationSource     : No URLs will be polled as dynamic configuration sources.
2022-02-08 01:00:40.257  INFO 73812 --- [restartedMain] c.n.c.sources.URLConfigurationSource     : To enable URLs as dynamic configuration sources, define System property archaius.configurationSource.additionalUrls or make config.properties available on classpath.
2022-02-08 01:00:40.260  WARN 73812 --- [restartedMain] c.n.c.sources.URLConfigurationSource     : No URLs will be polled as dynamic configuration sources.
2022-02-08 01:00:40.261  INFO 73812 --- [restartedMain] c.n.c.sources.URLConfigurationSource     : To enable URLs as dynamic configuration sources, define System property archaius.configurationSource.additionalUrls or make config.properties available on classpath.
2022-02-08 01:00:40.413  INFO 73812 --- [restartedMain] o.s.s.concurrent.ThreadPoolTaskExecutor  : Initializing ExecutorService 'applicationTaskExecutor'
2022-02-08 01:00:40.471  INFO 73812 --- [restartedMain] o.s.b.d.a.OptionalLiveReloadServer       : LiveReload server is running on port 35729
2022-02-08 01:00:40.593  INFO 73812 --- [restartedMain] o.s.s.c.ThreadPoolTaskScheduler          : Initializing ExecutorService 'Nacso-Watch-Task-Scheduler'
2022-02-08 01:00:41.205  INFO 73812 --- [restartedMain] d.s.w.p.DocumentationPluginsBootstrapper : Context refreshed
2022-02-08 01:00:41.217  INFO 73812 --- [restartedMain] d.s.w.p.DocumentationPluginsBootstrapper : Found 2 custom documentation plugin(s)
2022-02-08 01:00:41.244  INFO 73812 --- [restartedMain] s.d.s.w.s.ApiListingReferenceScanner     : Scanning for api listing references
2022-02-08 01:00:41.362  INFO 73812 --- [restartedMain] .d.s.w.r.o.CachingOperationNameGenerator : Generating unique operation named: lockHospitalSetUsingPUT_1
2022-02-08 01:00:41.395  INFO 73812 --- [restartedMain] s.d.s.w.s.ApiListingReferenceScanner     : Scanning for api listing references
2022-02-08 01:00:41.429  INFO 73812 --- [restartedMain] o.s.b.w.embedded.tomcat.TomcatWebServer  : Tomcat started on port(s): 8201 (http) with context path ''
2022-02-08 01:00:41.507  INFO 73812 --- [restartedMain] c.a.c.n.registry.NacosServiceRegistry    : nacos registry, DEFAULT_GROUP service-hosp 192.168.31.219:8201 register finished
2022-02-08 01:00:41.509  INFO 73812 --- [restartedMain] c.a.medical.hosp.ServiceHospApplication  : Started ServiceHospApplication in 5.093 seconds (JVM running for 5.921)
2022-02-08 01:00:43.317  INFO 73812 --- [http-nio-8201-exec-1] o.a.c.c.C.[Tomcat].[localhost].[/]       : Initializing Spring DispatcherServlet 'dispatcherServlet'
2022-02-08 01:00:43.317  INFO 73812 --- [http-nio-8201-exec-1] o.s.web.servlet.DispatcherServlet        : Initializing Servlet 'dispatcherServlet'
2022-02-08 01:00:43.331  INFO 73812 --- [http-nio-8201-exec-1] o.s.web.servlet.DispatcherServlet        : Completed initialization in 14 ms
2022-02-08 01:00:43.534  INFO 73812 --- [http-nio-8201-exec-2] com.zaxxer.hikari.HikariDataSource       : HikariPool-1 - Starting...
2022-02-08 01:00:43.916  INFO 73812 --- [http-nio-8201-exec-2] com.zaxxer.hikari.HikariDataSource       : HikariPool-1 - Start completed.
2022-02-08 01:06:17.951  INFO 73812 --- [Thread-15] c.a.c.n.registry.NacosServiceRegistry    : De-registering from Nacos Server now...
2022-02-08 01:06:17.953  INFO 73812 --- [Thread-15] c.a.c.n.registry.NacosServiceRegistry    : De-registration finished.
2022-02-08 01:06:17.955  INFO 73812 --- [Thread-15] o.s.s.concurrent.ThreadPoolTaskExecutor  : Shutting down ExecutorService 'applicationTaskExecutor'
2022-02-08 01:06:17.958  INFO 73812 --- [Thread-15] com.zaxxer.hikari.HikariDataSource       : HikariPool-1 - Shutdown initiated...
2022-02-08 01:06:17.962  INFO 73812 --- [Thread-15] com.zaxxer.hikari.HikariDataSource       : HikariPool-1 - Shutdown completed.
2022-02-08 01:06:18.206  INFO 73812 --- [restartedMain] c.a.medical.hosp.ServiceHospApplication  : The following profiles are active: dev
2022-02-08 01:06:18.462  INFO 73812 --- [restartedMain] .s.d.r.c.RepositoryConfigurationDelegate : Multiple Spring Data modules found, entering strict repository configuration mode!
2022-02-08 01:06:18.462  INFO 73812 --- [restartedMain] .s.d.r.c.RepositoryConfigurationDelegate : Bootstrapping Spring Data Redis repositories in DEFAULT mode.
2022-02-08 01:06:18.465  INFO 73812 --- [restartedMain] .s.d.r.c.RepositoryConfigurationDelegate : Finished Spring Data repository scanning in 2ms. Found 0 Redis repository interfaces.
2022-02-08 01:06:18.528  INFO 73812 --- [restartedMain] o.s.cloud.context.scope.GenericScope     : BeanFactory id=8cf25a41-45c3-3c7a-bd37-6d7243aaaa5d
2022-02-08 01:06:18.581  INFO 73812 --- [restartedMain] trationDelegate$BeanPostProcessorChecker : Bean 'spring.cloud.sentinel-com.alibaba.cloud.sentinel.SentinelProperties' of type [com.alibaba.cloud.sentinel.SentinelProperties] is not eligible for getting processed by all BeanPostProcessors (for example: not eligible for auto-proxying)
2022-02-08 01:06:18.609  INFO 73812 --- [restartedMain] trationDelegate$BeanPostProcessorChecker : Bean 'com.alibaba.cloud.sentinel.custom.SentinelAutoConfiguration' of type [com.alibaba.cloud.sentinel.custom.SentinelAutoConfiguration] is not eligible for getting processed by all BeanPostProcessors (for example: not eligible for auto-proxying)
2022-02-08 01:06:18.612  INFO 73812 --- [restartedMain] trationDelegate$BeanPostProcessorChecker : Bean 'org.springframework.cloud.autoconfigure.ConfigurationPropertiesRebinderAutoConfiguration' of type [org.springframework.cloud.autoconfigure.ConfigurationPropertiesRebinderAutoConfiguration] is not eligible for getting processed by all BeanPostProcessors (for example: not eligible for auto-proxying)
2022-02-08 01:06:18.688  INFO 73812 --- [restartedMain] o.s.b.w.embedded.tomcat.TomcatWebServer  : Tomcat initialized with port(s): 8201 (http)
2022-02-08 01:06:18.689  INFO 73812 --- [restartedMain] o.apache.catalina.core.StandardService   : Starting service [Tomcat]
2022-02-08 01:06:18.689  INFO 73812 --- [restartedMain] org.apache.catalina.core.StandardEngine  : Starting Servlet engine: [Apache Tomcat/9.0.36]
2022-02-08 01:06:18.696  INFO 73812 --- [restartedMain] o.a.c.c.C.[Tomcat].[localhost].[/]       : Initializing Spring embedded WebApplicationContext
2022-02-08 01:06:18.696  INFO 73812 --- [restartedMain] w.s.c.ServletWebServerApplicationContext : Root WebApplicationContext: initialization completed in 488 ms
2022-02-08 01:06:18.936  INFO 73812 --- [restartedMain] c.a.c.s.SentinelWebAutoConfiguration     : [Sentinel Starter] register SentinelWebInterceptor with urlPatterns: [/*].
2022-02-08 01:06:18.982  INFO 73812 --- [restartedMain] pertySourcedRequestMappingHandlerMapping : Mapped URL path [/v2/api-docs] onto method [springfox.documentation.swagger2.web.Swagger2Controller#getDocumentation(String, HttpServletRequest)]
2022-02-08 01:06:18.991  WARN 73812 --- [restartedMain] c.n.c.sources.URLConfigurationSource     : No URLs will be polled as dynamic configuration sources.
2022-02-08 01:06:18.992  INFO 73812 --- [restartedMain] c.n.c.sources.URLConfigurationSource     : To enable URLs as dynamic configuration sources, define System property archaius.configurationSource.additionalUrls or make config.properties available on classpath.
2022-02-08 01:06:19.064  INFO 73812 --- [restartedMain] o.s.s.concurrent.ThreadPoolTaskExecutor  : Initializing ExecutorService 'applicationTaskExecutor'
2022-02-08 01:06:19.084  INFO 73812 --- [restartedMain] o.s.b.d.a.OptionalLiveReloadServer       : LiveReload server is running on port 35729
2022-02-08 01:06:19.147  INFO 73812 --- [restartedMain] o.s.s.c.ThreadPoolTaskScheduler          : Initializing ExecutorService 'Nacso-Watch-Task-Scheduler'
2022-02-08 01:06:19.334  INFO 73812 --- [restartedMain] d.s.w.p.DocumentationPluginsBootstrapper : Context refreshed
2022-02-08 01:06:19.336  INFO 73812 --- [restartedMain] d.s.w.p.DocumentationPluginsBootstrapper : Found 2 custom documentation plugin(s)
2022-02-08 01:06:19.342  INFO 73812 --- [restartedMain] s.d.s.w.s.ApiListingReferenceScanner     : Scanning for api listing references
2022-02-08 01:06:19.377  INFO 73812 --- [restartedMain] .d.s.w.r.o.CachingOperationNameGenerator : Generating unique operation named: lockHospitalSetUsingPUT_1
2022-02-08 01:06:19.399  INFO 73812 --- [restartedMain] s.d.s.w.s.ApiListingReferenceScanner     : Scanning for api listing references
2022-02-08 01:06:19.410  INFO 73812 --- [restartedMain] o.s.b.w.embedded.tomcat.TomcatWebServer  : Tomcat started on port(s): 8201 (http) with context path ''
2022-02-08 01:06:19.411  INFO 73812 --- [restartedMain] com.alibaba.nacos.client.naming          : [BEAT] adding beat: {"cluster":"DEFAULT","ip":"192.168.31.219","metadata":{"preserved.register.source":"SPRING_CLOUD"},"period":5000,"port":8201,"scheduled":false,"serviceName":"DEFAULT_GROUP@@service-hosp","stopped":false,"weight":1.0} to beat map.
2022-02-08 01:06:19.411  INFO 73812 --- [restartedMain] com.alibaba.nacos.client.naming          : [REGISTER-SERVICE] public registering service DEFAULT_GROUP@@service-hosp with instance: {"clusterName":"DEFAULT","enabled":true,"ephemeral":true,"healthy":true,"instanceHeartBeatInterval":5000,"instanceHeartBeatTimeOut":15000,"ip":"192.168.31.219","ipDeleteTimeout":30000,"metadata":{"preserved.register.source":"SPRING_CLOUD"},"port":8201,"weight":1.0}
2022-02-08 01:06:19.413  INFO 73812 --- [restartedMain] c.a.c.n.registry.NacosServiceRegistry    : nacos registry, DEFAULT_GROUP service-hosp 192.168.31.219:8201 register finished
2022-02-08 01:06:19.416  INFO 73812 --- [restartedMain] c.a.medical.hosp.ServiceHospApplication  : Started ServiceHospApplication in 1.279 seconds (JVM running for 343.827)
2022-02-08 01:06:19.423  INFO 73812 --- [restartedMain] .ConditionEvaluationDeltaLoggingListener : Condition evaluation delta:


==========================
CONDITION EVALUATION DELTA
==========================


Positive matches:
-----------------

   MybatisPlusAutoConfiguration.MapperScannerRegistrarNotFoundConfiguration matched:
      - @ConditionalOnMissingBean (types: org.mybatis.spring.mapper.MapperFactoryBean,org.mybatis.spring.mapper.MapperScannerConfigurer; SearchStrategy: all) did not find any beans (OnBeanCondition)


Negative matches:
-----------------

    None


Exclusions:
-----------

    None


Unconditional classes:
----------------------

    None



2022-02-08 01:09:43.218  INFO 73812 --- [SpringContextShutdownHook] c.a.c.n.registry.NacosServiceRegistry    : De-registering from Nacos Server now...
2022-02-08 01:09:43.222  INFO 73812 --- [SpringContextShutdownHook] com.alibaba.nacos.client.naming          : [BEAT] removing beat: DEFAULT_GROUP@@service-hosp:192.168.31.219:8201 from beat map.
2022-02-08 01:09:43.223  INFO 73812 --- [SpringContextShutdownHook] com.alibaba.nacos.client.naming          : [DEREGISTER-SERVICE] public deregistering service DEFAULT_GROUP@@service-hosp with instance: {"clusterName":"DEFAULT","enabled":true,"ephemeral":true,"healthy":true,"instanceHeartBeatInterval":5000,"instanceHeartBeatTimeOut":15000,"instanceIdGenerator":"simple","ip":"192.168.31.219","ipDeleteTimeout":30000,"metadata":{},"port":8201,"weight":1.0}
2022-02-08 01:09:43.226  INFO 73812 --- [SpringContextShutdownHook] c.a.c.n.registry.NacosServiceRegistry    : De-registration finished.
2022-02-08 01:09:43.227  INFO 73812 --- [SpringContextShutdownHook] o.s.s.concurrent.ThreadPoolTaskExecutor  : Shutting down ExecutorService 'applicationTaskExecutor'
2022-02-08 01:09:50.079  INFO 75477 --- [restartedMain] c.a.medical.hosp.ServiceHospApplication  : The following profiles are active: dev
2022-02-08 01:09:50.799  INFO 75477 --- [restartedMain] .s.d.r.c.RepositoryConfigurationDelegate : Multiple Spring Data modules found, entering strict repository configuration mode!
2022-02-08 01:09:50.800  INFO 75477 --- [restartedMain] .s.d.r.c.RepositoryConfigurationDelegate : Bootstrapping Spring Data Redis repositories in DEFAULT mode.
2022-02-08 01:09:50.821  INFO 75477 --- [restartedMain] .s.d.r.c.RepositoryConfigurationDelegate : Finished Spring Data repository scanning in 10ms. Found 0 Redis repository interfaces.
2022-02-08 01:09:51.158  INFO 75477 --- [restartedMain] o.s.cloud.context.scope.GenericScope     : BeanFactory id=0a4ab3c2-a102-3e6c-a1af-a2a57d3b20ae
2022-02-08 01:09:51.421  INFO 75477 --- [restartedMain] trationDelegate$BeanPostProcessorChecker : Bean 'spring.cloud.sentinel-com.alibaba.cloud.sentinel.SentinelProperties' of type [com.alibaba.cloud.sentinel.SentinelProperties] is not eligible for getting processed by all BeanPostProcessors (for example: not eligible for auto-proxying)
2022-02-08 01:09:51.484  INFO 75477 --- [restartedMain] trationDelegate$BeanPostProcessorChecker : Bean 'com.alibaba.cloud.sentinel.custom.SentinelAutoConfiguration' of type [com.alibaba.cloud.sentinel.custom.SentinelAutoConfiguration] is not eligible for getting processed by all BeanPostProcessors (for example: not eligible for auto-proxying)
2022-02-08 01:09:51.494  INFO 75477 --- [restartedMain] trationDelegate$BeanPostProcessorChecker : Bean 'org.springframework.cloud.autoconfigure.ConfigurationPropertiesRebinderAutoConfiguration' of type [org.springframework.cloud.autoconfigure.ConfigurationPropertiesRebinderAutoConfiguration] is not eligible for getting processed by all BeanPostProcessors (for example: not eligible for auto-proxying)
2022-02-08 01:09:51.933  INFO 75477 --- [restartedMain] o.s.b.w.embedded.tomcat.TomcatWebServer  : Tomcat initialized with port(s): 8201 (http)
2022-02-08 01:09:51.943  INFO 75477 --- [restartedMain] o.apache.catalina.core.StandardService   : Starting service [Tomcat]
2022-02-08 01:09:51.943  INFO 75477 --- [restartedMain] org.apache.catalina.core.StandardEngine  : Starting Servlet engine: [Apache Tomcat/9.0.36]
2022-02-08 01:09:52.032  INFO 75477 --- [restartedMain] o.a.c.c.C.[Tomcat].[localhost].[/]       : Initializing Spring embedded WebApplicationContext
2022-02-08 01:09:52.032  INFO 75477 --- [restartedMain] w.s.c.ServletWebServerApplicationContext : Root WebApplicationContext: initialization completed in 1943 ms
2022-02-08 01:09:52.758  INFO 75477 --- [restartedMain] c.a.c.s.SentinelWebAutoConfiguration     : [Sentinel Starter] register SentinelWebInterceptor with urlPatterns: [/*].
2022-02-08 01:09:52.855  INFO 75477 --- [restartedMain] pertySourcedRequestMappingHandlerMapping : Mapped URL path [/v2/api-docs] onto method [springfox.documentation.swagger2.web.Swagger2Controller#getDocumentation(String, HttpServletRequest)]
2022-02-08 01:09:52.877  WARN 75477 --- [restartedMain] c.n.c.sources.URLConfigurationSource     : No URLs will be polled as dynamic configuration sources.
2022-02-08 01:09:52.877  INFO 75477 --- [restartedMain] c.n.c.sources.URLConfigurationSource     : To enable URLs as dynamic configuration sources, define System property archaius.configurationSource.additionalUrls or make config.properties available on classpath.
2022-02-08 01:09:52.883  WARN 75477 --- [restartedMain] c.n.c.sources.URLConfigurationSource     : No URLs will be polled as dynamic configuration sources.
2022-02-08 01:09:52.883  INFO 75477 --- [restartedMain] c.n.c.sources.URLConfigurationSource     : To enable URLs as dynamic configuration sources, define System property archaius.configurationSource.additionalUrls or make config.properties available on classpath.
2022-02-08 01:09:53.024  INFO 75477 --- [restartedMain] o.s.s.concurrent.ThreadPoolTaskExecutor  : Initializing ExecutorService 'applicationTaskExecutor'
2022-02-08 01:09:53.093  INFO 75477 --- [restartedMain] o.s.b.d.a.OptionalLiveReloadServer       : LiveReload server is running on port 35729
2022-02-08 01:09:53.195  INFO 75477 --- [restartedMain] o.s.s.c.ThreadPoolTaskScheduler          : Initializing ExecutorService 'Nacso-Watch-Task-Scheduler'
2022-02-08 01:09:53.786  INFO 75477 --- [restartedMain] d.s.w.p.DocumentationPluginsBootstrapper : Context refreshed
2022-02-08 01:09:53.799  INFO 75477 --- [restartedMain] d.s.w.p.DocumentationPluginsBootstrapper : Found 2 custom documentation plugin(s)
2022-02-08 01:09:53.829  INFO 75477 --- [restartedMain] s.d.s.w.s.ApiListingReferenceScanner     : Scanning for api listing references
2022-02-08 01:09:53.962  INFO 75477 --- [restartedMain] .d.s.w.r.o.CachingOperationNameGenerator : Generating unique operation named: lockHospitalSetUsingPUT_1
2022-02-08 01:09:53.999  INFO 75477 --- [restartedMain] s.d.s.w.s.ApiListingReferenceScanner     : Scanning for api listing references
2022-02-08 01:09:54.024  INFO 75477 --- [restartedMain] o.s.b.w.embedded.tomcat.TomcatWebServer  : Tomcat started on port(s): 8201 (http) with context path ''
2022-02-08 01:09:54.113  INFO 75477 --- [restartedMain] c.a.c.n.registry.NacosServiceRegistry    : nacos registry, DEFAULT_GROUP service-hosp 192.168.31.219:8201 register finished
2022-02-08 01:09:54.118  INFO 75477 --- [restartedMain] c.a.medical.hosp.ServiceHospApplication  : Started ServiceHospApplication in 5.723 seconds (JVM running for 6.817)
2022-02-08 01:11:01.425  INFO 75477 --- [http-nio-8201-exec-1] o.a.c.c.C.[Tomcat].[localhost].[/]       : Initializing Spring DispatcherServlet 'dispatcherServlet'
2022-02-08 01:11:01.426  INFO 75477 --- [http-nio-8201-exec-1] o.s.web.servlet.DispatcherServlet        : Initializing Servlet 'dispatcherServlet'
2022-02-08 01:11:01.448  INFO 75477 --- [http-nio-8201-exec-1] o.s.web.servlet.DispatcherServlet        : Completed initialization in 18 ms
2022-02-08 01:11:01.675  INFO 75477 --- [http-nio-8201-exec-1] com.zaxxer.hikari.HikariDataSource       : HikariPool-1 - Starting...
2022-02-08 01:11:02.071  INFO 75477 --- [http-nio-8201-exec-1] com.zaxxer.hikari.HikariDataSource       : HikariPool-1 - Start completed.
2022-02-08 01:25:47.825  INFO 75477 --- [SpringContextShutdownHook] c.a.c.n.registry.NacosServiceRegistry    : De-registering from Nacos Server now...
2022-02-08 01:25:47.878 ERROR 75477 --- [SpringContextShutdownHook] c.a.c.n.registry.NacosServiceRegistry    : ERR_NACOS_DEREGISTER, de-register failed...NacosRegistration{nacosDiscoveryProperties=NacosDiscoveryProperties{serverAddr='localhost:8848', endpoint='', namespace='', watchDelay=30000, logName='', service='service-hosp', weight=1.0, clusterName='DEFAULT', group='DEFAULT_GROUP', namingLoadCacheAtStart='false', metadata={preserved.register.source=SPRING_CLOUD}, registerEnabled=true, ip='192.168.31.219', networkInterface='', port=8201, secure=false, accessKey='', secretKey='', heartBeatInterval=null, heartBeatTimeout=null, ipDeleteTimeout=null}},

java.lang.IllegalStateException: failed to req API:/nacos/v1/ns/instance after all servers([localhost:8848]) tried: failed to req API:localhost:8848/nacos/v1/ns/instance. code:500 msg: caused: Error creating bean with name 'instanceController' defined in URL [jar:file:/home/idiot/office/nacos/target/nacos-server.jar!/BOOT-INF/lib/nacos-naming-1.4.1.jar!/com/alibaba/nacos/naming/controllers/InstanceController.class]: Initialization of bean failed; nested exception is org.springframework.beans.factory.BeanCreationException: Error creating bean with name 'serverMemberManager' defined in URL [jar:file:/home/idiot/office/nacos/target/nacos-server.jar!/BOOT-INF/lib/nacos-core-1.4.1.jar!/com/alibaba/nacos/core/cluster/ServerMemberManager.class]: Unexpected exception during bean creation; nested exception is org.springframework.beans.factory.NoSuchBeanDefinitionException: No qualifying bean of type 'javax.servlet.ServletContext' available: expected at least 1 bean which qualifies as autowire candidate. Dependency annotations: {};caused: Error creating bean with name 'serverMemberManager' defined in URL [jar:file:/home/idiot/office/nacos/target/nacos-server.jar!/BOOT-INF/lib/nacos-core-1.4.1.jar!/com/alibaba/nacos/core/cluster/ServerMemberManager.class]: Unexpected exception during bean creation; nested exception is org.springframework.beans.factory.NoSuchBeanDefinitionException: No qualifying bean of type 'javax.servlet.ServletContext' available: expected at least 1 bean which qualifies as autowire candidate. Dependency annotations: {};caused: No qualifying bean of type 'javax.servlet.ServletContext' available: expected at least 1 bean which qualifies as autowire candidate. Dependency annotations: {};
	at com.alibaba.nacos.client.naming.net.NamingProxy.reqAPI(NamingProxy.java:467) ~[nacos-client-1.1.4.jar:na]
	at com.alibaba.nacos.client.naming.net.NamingProxy.reqAPI(NamingProxy.java:389) ~[nacos-client-1.1.4.jar:na]
	at com.alibaba.nacos.client.naming.net.NamingProxy.deregisterService(NamingProxy.java:208) ~[nacos-client-1.1.4.jar:na]
	at com.alibaba.nacos.client.naming.NacosNamingService.deregisterInstance(NacosNamingService.java:246) ~[nacos-client-1.1.4.jar:na]
	at com.alibaba.nacos.client.naming.NacosNamingService.deregisterInstance(NacosNamingService.java:233) ~[nacos-client-1.1.4.jar:na]
	at com.alibaba.cloud.nacos.registry.NacosServiceRegistry.deregister(NacosServiceRegistry.java:92) ~[spring-cloud-alibaba-nacos-discovery-2.2.0.RELEASE.jar:2.2.0.RELEASE]
	at org.springframework.cloud.client.serviceregistry.AbstractAutoServiceRegistration.deregister(AbstractAutoServiceRegistration.java:256) [spring-cloud-commons-2.2.0.RELEASE.jar:2.2.0.RELEASE]
	at org.springframework.cloud.client.serviceregistry.AbstractAutoServiceRegistration.stop(AbstractAutoServiceRegistration.java:271) [spring-cloud-commons-2.2.0.RELEASE.jar:2.2.0.RELEASE]
	at org.springframework.cloud.client.serviceregistry.AbstractAutoServiceRegistration.destroy(AbstractAutoServiceRegistration.java:208) [spring-cloud-commons-2.2.0.RELEASE.jar:2.2.0.RELEASE]
	at sun.reflect.NativeMethodAccessorImpl.invoke0(Native Method) ~[na:1.8.0_251]
	at sun.reflect.NativeMethodAccessorImpl.invoke(NativeMethodAccessorImpl.java:62) ~[na:1.8.0_251]
	at sun.reflect.DelegatingMethodAccessorImpl.invoke(DelegatingMethodAccessorImpl.java:43) ~[na:1.8.0_251]
	at java.lang.reflect.Method.invoke(Method.java:498) ~[na:1.8.0_251]
	at org.springframework.beans.factory.annotation.InitDestroyAnnotationBeanPostProcessor$LifecycleElement.invoke(InitDestroyAnnotationBeanPostProcessor.java:389) [spring-beans-5.2.7.RELEASE.jar:5.2.7.RELEASE]
	at org.springframework.beans.factory.annotation.InitDestroyAnnotationBeanPostProcessor$LifecycleMetadata.invokeDestroyMethods(InitDestroyAnnotationBeanPostProcessor.java:347) [spring-beans-5.2.7.RELEASE.jar:5.2.7.RELEASE]
	at org.springframework.beans.factory.annotation.InitDestroyAnnotationBeanPostProcessor.postProcessBeforeDestruction(InitDestroyAnnotationBeanPostProcessor.java:177) [spring-beans-5.2.7.RELEASE.jar:5.2.7.RELEASE]
	at org.springframework.beans.factory.support.DisposableBeanAdapter.destroy(DisposableBeanAdapter.java:242) [spring-beans-5.2.7.RELEASE.jar:5.2.7.RELEASE]
	at org.springframework.beans.factory.support.DefaultSingletonBeanRegistry.destroyBean(DefaultSingletonBeanRegistry.java:579) [spring-beans-5.2.7.RELEASE.jar:5.2.7.RELEASE]
	at org.springframework.beans.factory.support.DefaultSingletonBeanRegistry.destroySingleton(DefaultSingletonBeanRegistry.java:551) [spring-beans-5.2.7.RELEASE.jar:5.2.7.RELEASE]
	at org.springframework.beans.factory.support.DefaultListableBeanFactory.destroySingleton(DefaultListableBeanFactory.java:1089) [spring-beans-5.2.7.RELEASE.jar:5.2.7.RELEASE]
	at org.springframework.beans.factory.support.DefaultSingletonBeanRegistry.destroySingletons(DefaultSingletonBeanRegistry.java:512) [spring-beans-5.2.7.RELEASE.jar:5.2.7.RELEASE]
	at org.springframework.beans.factory.support.DefaultListableBeanFactory.destroySingletons(DefaultListableBeanFactory.java:1082) [spring-beans-5.2.7.RELEASE.jar:5.2.7.RELEASE]
	at org.springframework.context.support.AbstractApplicationContext.destroyBeans(AbstractApplicationContext.java:1061) [spring-context-5.2.7.RELEASE.jar:5.2.7.RELEASE]
	at org.springframework.context.support.AbstractApplicationContext.doClose(AbstractApplicationContext.java:1030) [spring-context-5.2.7.RELEASE.jar:5.2.7.RELEASE]
	at org.springframework.context.support.AbstractApplicationContext$1.run(AbstractApplicationContext.java:949) [spring-context-5.2.7.RELEASE.jar:5.2.7.RELEASE]

2022-02-08 01:25:47.879  INFO 75477 --- [SpringContextShutdownHook] c.a.c.n.registry.NacosServiceRegistry    : De-registration finished.
2022-02-08 01:25:47.880  INFO 75477 --- [SpringContextShutdownHook] o.s.s.concurrent.ThreadPoolTaskExecutor  : Shutting down ExecutorService 'applicationTaskExecutor'
2022-02-08 01:25:47.883  INFO 75477 --- [SpringContextShutdownHook] com.zaxxer.hikari.HikariDataSource       : HikariPool-1 - Shutdown initiated...
2022-02-08 01:25:47.887  INFO 75477 --- [SpringContextShutdownHook] com.zaxxer.hikari.HikariDataSource       : HikariPool-1 - Shutdown completed.
2022-02-08 13:15:46.395  INFO 3394 --- [restartedMain] c.a.medical.hosp.ServiceHospApplication  : The following profiles are active: dev
2022-02-08 13:15:47.420  INFO 3394 --- [restartedMain] .s.d.r.c.RepositoryConfigurationDelegate : Multiple Spring Data modules found, entering strict repository configuration mode!
2022-02-08 13:15:47.422  INFO 3394 --- [restartedMain] .s.d.r.c.RepositoryConfigurationDelegate : Bootstrapping Spring Data Redis repositories in DEFAULT mode.
2022-02-08 13:15:47.450  INFO 3394 --- [restartedMain] .s.d.r.c.RepositoryConfigurationDelegate : Finished Spring Data repository scanning in 10ms. Found 0 Redis repository interfaces.
2022-02-08 13:15:47.719  INFO 3394 --- [restartedMain] o.s.cloud.context.scope.GenericScope     : BeanFactory id=0a4ab3c2-a102-3e6c-a1af-a2a57d3b20ae
2022-02-08 13:15:48.128  INFO 3394 --- [restartedMain] trationDelegate$BeanPostProcessorChecker : Bean 'spring.cloud.sentinel-com.alibaba.cloud.sentinel.SentinelProperties' of type [com.alibaba.cloud.sentinel.SentinelProperties] is not eligible for getting processed by all BeanPostProcessors (for example: not eligible for auto-proxying)
2022-02-08 13:15:48.198  INFO 3394 --- [restartedMain] trationDelegate$BeanPostProcessorChecker : Bean 'com.alibaba.cloud.sentinel.custom.SentinelAutoConfiguration' of type [com.alibaba.cloud.sentinel.custom.SentinelAutoConfiguration] is not eligible for getting processed by all BeanPostProcessors (for example: not eligible for auto-proxying)
2022-02-08 13:15:48.216  INFO 3394 --- [restartedMain] trationDelegate$BeanPostProcessorChecker : Bean 'org.springframework.cloud.autoconfigure.ConfigurationPropertiesRebinderAutoConfiguration' of type [org.springframework.cloud.autoconfigure.ConfigurationPropertiesRebinderAutoConfiguration] is not eligible for getting processed by all BeanPostProcessors (for example: not eligible for auto-proxying)
2022-02-08 13:15:48.759  INFO 3394 --- [restartedMain] o.s.b.w.embedded.tomcat.TomcatWebServer  : Tomcat initialized with port(s): 8201 (http)
2022-02-08 13:15:48.770  INFO 3394 --- [restartedMain] o.apache.catalina.core.StandardService   : Starting service [Tomcat]
2022-02-08 13:15:48.770  INFO 3394 --- [restartedMain] org.apache.catalina.core.StandardEngine  : Starting Servlet engine: [Apache Tomcat/9.0.36]
2022-02-08 13:15:48.862  INFO 3394 --- [restartedMain] o.a.c.c.C.[Tomcat].[localhost].[/]       : Initializing Spring embedded WebApplicationContext
2022-02-08 13:15:48.862  INFO 3394 --- [restartedMain] w.s.c.ServletWebServerApplicationContext : Root WebApplicationContext: initialization completed in 2455 ms
2022-02-08 13:15:49.839  INFO 3394 --- [restartedMain] c.a.c.s.SentinelWebAutoConfiguration     : [Sentinel Starter] register SentinelWebInterceptor with urlPatterns: [/*].
2022-02-08 13:15:49.949  INFO 3394 --- [restartedMain] pertySourcedRequestMappingHandlerMapping : Mapped URL path [/v2/api-docs] onto method [springfox.documentation.swagger2.web.Swagger2Controller#getDocumentation(String, HttpServletRequest)]
2022-02-08 13:15:49.968  WARN 3394 --- [restartedMain] c.n.c.sources.URLConfigurationSource     : No URLs will be polled as dynamic configuration sources.
2022-02-08 13:15:49.968  INFO 3394 --- [restartedMain] c.n.c.sources.URLConfigurationSource     : To enable URLs as dynamic configuration sources, define System property archaius.configurationSource.additionalUrls or make config.properties available on classpath.
2022-02-08 13:15:49.974  WARN 3394 --- [restartedMain] c.n.c.sources.URLConfigurationSource     : No URLs will be polled as dynamic configuration sources.
2022-02-08 13:15:49.975  INFO 3394 --- [restartedMain] c.n.c.sources.URLConfigurationSource     : To enable URLs as dynamic configuration sources, define System property archaius.configurationSource.additionalUrls or make config.properties available on classpath.
2022-02-08 13:15:50.144  INFO 3394 --- [restartedMain] o.s.s.concurrent.ThreadPoolTaskExecutor  : Initializing ExecutorService 'applicationTaskExecutor'
2022-02-08 13:15:50.205  INFO 3394 --- [restartedMain] o.s.b.d.a.OptionalLiveReloadServer       : LiveReload server is running on port 35729
2022-02-08 13:15:50.324  INFO 3394 --- [restartedMain] o.s.s.c.ThreadPoolTaskScheduler          : Initializing ExecutorService 'Nacso-Watch-Task-Scheduler'
2022-02-08 13:15:51.142  INFO 3394 --- [restartedMain] d.s.w.p.DocumentationPluginsBootstrapper : Context refreshed
2022-02-08 13:15:51.161  INFO 3394 --- [restartedMain] d.s.w.p.DocumentationPluginsBootstrapper : Found 2 custom documentation plugin(s)
2022-02-08 13:15:51.192  INFO 3394 --- [restartedMain] s.d.s.w.s.ApiListingReferenceScanner     : Scanning for api listing references
2022-02-08 13:15:51.363  INFO 3394 --- [restartedMain] .d.s.w.r.o.CachingOperationNameGenerator : Generating unique operation named: lockHospitalSetUsingPUT_1
2022-02-08 13:15:51.441  INFO 3394 --- [restartedMain] s.d.s.w.s.ApiListingReferenceScanner     : Scanning for api listing references
2022-02-08 13:15:51.492  INFO 3394 --- [restartedMain] o.s.b.w.embedded.tomcat.TomcatWebServer  : Tomcat started on port(s): 8201 (http) with context path ''
2022-02-08 13:15:52.019  INFO 3394 --- [restartedMain] c.a.c.n.registry.NacosServiceRegistry    : nacos registry, DEFAULT_GROUP service-hosp 192.168.31.219:8201 register finished
2022-02-08 13:15:52.027  INFO 3394 --- [restartedMain] c.a.medical.hosp.ServiceHospApplication  : Started ServiceHospApplication in 6.681 seconds (JVM running for 7.984)
2022-02-08 13:15:56.232  INFO 3394 --- [http-nio-8201-exec-1] o.a.c.c.C.[Tomcat].[localhost].[/]       : Initializing Spring DispatcherServlet 'dispatcherServlet'
2022-02-08 13:15:56.233  INFO 3394 --- [http-nio-8201-exec-1] o.s.web.servlet.DispatcherServlet        : Initializing Servlet 'dispatcherServlet'
2022-02-08 13:15:56.265  INFO 3394 --- [http-nio-8201-exec-1] o.s.web.servlet.DispatcherServlet        : Completed initialization in 31 ms
2022-02-08 13:15:56.768  INFO 3394 --- [http-nio-8201-exec-2] com.zaxxer.hikari.HikariDataSource       : HikariPool-1 - Starting...
2022-02-08 13:15:57.382  INFO 3394 --- [http-nio-8201-exec-2] com.zaxxer.hikari.HikariDataSource       : HikariPool-1 - Start completed.
2022-02-08 16:19:44.852  WARN 3394 --- [http-nio-8201-exec-6] .m.m.a.ExceptionHandlerExceptionResolver : Resolved [org.springframework.dao.DataIntegrityViolationException: 
### Error updating database.  Cause: com.mysql.jdbc.MysqlDataTruncation: Data truncation: Data too long for column 'contacts_phone' at row 1
### The error may exist in com/airwaves/medical/hosp/mapper/HospitalSetMapper.java (best guess)
### The error may involve com.airwaves.medical.hosp.mapper.HospitalSetMapper.insert-Inline
### The error occurred while setting parameters
### SQL: INSERT INTO hospital_set  ( hosname, hoscode, api_url, sign_key, contacts_name, contacts_phone, status )  VALUES  ( ?, ?, ?, ?, ?, ?, ? )
### Cause: com.mysql.jdbc.MysqlDataTruncation: Data truncation: Data too long for column 'contacts_phone' at row 1
; Data truncation: Data too long for column 'contacts_phone' at row 1; nested exception is com.mysql.jdbc.MysqlDataTruncation: Data truncation: Data too long for column 'contacts_phone' at row 1]
2022-02-08 16:39:46.695  WARN 3394 --- [http-nio-8201-exec-8] .m.m.a.ExceptionHandlerExceptionResolver : Resolved [org.springframework.web.method.annotation.MethodArgumentTypeMismatchException: Failed to convert value of type 'java.lang.String' to required type 'java.lang.Long'; nested exception is java.lang.NumberFormatException: For input string: ":id"]
2022-02-08 19:27:30.532  INFO 3394 --- [SpringContextShutdownHook] c.a.c.n.registry.NacosServiceRegistry    : De-registering from Nacos Server now...
2022-02-08 19:27:30.545  INFO 3394 --- [SpringContextShutdownHook] c.a.c.n.registry.NacosServiceRegistry    : De-registration finished.
2022-02-08 19:27:30.547  INFO 3394 --- [SpringContextShutdownHook] o.s.s.concurrent.ThreadPoolTaskExecutor  : Shutting down ExecutorService 'applicationTaskExecutor'
2022-02-08 19:27:30.551  INFO 3394 --- [SpringContextShutdownHook] com.zaxxer.hikari.HikariDataSource       : HikariPool-1 - Shutdown initiated...
2022-02-08 19:27:30.562  INFO 3394 --- [SpringContextShutdownHook] com.zaxxer.hikari.HikariDataSource       : HikariPool-1 - Shutdown completed.
